This is XeTeX, Version 3.14159265-2.6-0.99992 (TeX Live 2015/Debian) (preloaded format=xelatex 2019.10.30)  12 DEC 2019 15:33
entering extended mode
 restricted \write18 enabled.
 %&-line parsing enabled.
**AIReport.tex
(./AIReport.tex
LaTeX2e <2016/02/01>
Babel <3.9q> and hyphenation patterns for 81 language(s) loaded.
(/usr/share/texlive/texmf-dist/tex/latex/base/article.cls
Document Class: article 2014/09/29 v1.4h Standard LaTeX document class
(/usr/share/texlive/texmf-dist/tex/latex/base/size10.clo
File: size10.clo 2014/09/29 v1.4h Standard LaTeX file (size option)
)
\c@part=\count79
\c@section=\count80
\c@subsection=\count81
\c@subsubsection=\count82
\c@paragraph=\count83
\c@subparagraph=\count84
\c@figure=\count85
\c@table=\count86
\abovecaptionskip=\skip41
\belowcaptionskip=\skip42
\bibindent=\dimen102
)
(/usr/share/texlive/texmf-dist/tex/latex/spverbatim/spverbatim.sty
Package: spverbatim 2009/08/10 v1.0 Verbatim with breakable spaces
)
(/usr/share/texlive/texmf-dist/tex/latex/graphics/graphicx.sty
Package: graphicx 2014/10/28 v1.0g Enhanced LaTeX Graphics (DPC,SPQR)

(/usr/share/texlive/texmf-dist/tex/latex/graphics/keyval.sty
Package: keyval 2014/10/28 v1.15 key=value parser (DPC)
\KV@toks@=\toks14
)
(/usr/share/texlive/texmf-dist/tex/latex/graphics/graphics.sty
Package: graphics 2016/01/03 v1.0q Standard LaTeX Graphics (DPC,SPQR)

(/usr/share/texlive/texmf-dist/tex/latex/graphics/trig.sty
Package: trig 2016/01/03 v1.10 sin cos tan (DPC)
)
(/usr/share/texlive/texmf-dist/tex/latex/latexconfig/graphics.cfg
File: graphics.cfg 2010/04/23 v1.9 graphics configuration of TeX Live
)
Package graphics Info: Driver file: xetex.def on input line 95.

(/usr/share/texlive/texmf-dist/tex/xelatex/xetex-def/xetex.def
File: xetex.def 2015/09/11 v4.06 LaTeX color/graphics driver for XeTeX (TeX Liv
e/RRM/JK)

(/usr/share/texlive/texmf-dist/tex/generic/oberdiek/infwarerr.sty
Package: infwarerr 2010/04/08 v1.3 Providing info/warning/error messages (HO)
)
(/usr/share/texlive/texmf-dist/tex/generic/oberdiek/ltxcmds.sty
Package: ltxcmds 2011/11/09 v1.22 LaTeX kernel commands for general use (HO)
)))
\Gin@req@height=\dimen103
\Gin@req@width=\dimen104
)
(/usr/share/texlive/texmf-dist/tex/latex/geometry/geometry.sty
Package: geometry 2010/09/12 v5.6 Page Geometry

(/usr/share/texlive/texmf-dist/tex/generic/oberdiek/ifpdf.sty
Package: ifpdf 2011/01/30 v2.3 Provides the ifpdf switch (HO)
Package ifpdf Info: pdfTeX in PDF mode is not detected.
)
(/usr/share/texlive/texmf-dist/tex/generic/oberdiek/ifvtex.sty
Package: ifvtex 2010/03/01 v1.5 Detect VTeX and its facilities (HO)
Package ifvtex Info: VTeX not detected.
)
(/usr/share/texlive/texmf-dist/tex/generic/ifxetex/ifxetex.sty
Package: ifxetex 2010/09/12 v0.6 Provides ifxetex conditional
)
\Gm@cnth=\count87
\Gm@cntv=\count88
\c@Gm@tempcnt=\count89
\Gm@bindingoffset=\dimen105
\Gm@wd@mp=\dimen106
\Gm@odd@mp=\dimen107
\Gm@even@mp=\dimen108
\Gm@layoutwidth=\dimen109
\Gm@layoutheight=\dimen110
\Gm@layouthoffset=\dimen111
\Gm@layoutvoffset=\dimen112
\Gm@dimlist=\toks15
)
(/usr/share/texlive/texmf-dist/tex/latex/natbib/natbib.sty
Package: natbib 2010/09/13 8.31b (PWD, AO)
\bibhang=\skip43
\bibsep=\skip44
LaTeX Info: Redefining \cite on input line 694.
\c@NAT@ctr=\count90
)
(/usr/share/texlive/texmf-dist/tex/latex/xcolor/xcolor.sty
Package: xcolor 2007/01/21 v2.11 LaTeX color extensions (UK)

(/usr/share/texlive/texmf-dist/tex/latex/latexconfig/color.cfg
File: color.cfg 2007/01/18 v1.5 color configuration of teTeX/TeXLive
)
Package xcolor Info: Driver file: xetex.def on input line 225.
Package xcolor Info: Model `cmy' substituted by `cmy0' on input line 1337.
Package xcolor Info: Model `RGB' extended on input line 1353.
Package xcolor Info: Model `HTML' substituted by `rgb' on input line 1355.
Package xcolor Info: Model `Hsb' substituted by `hsb' on input line 1356.
Package xcolor Info: Model `tHsb' substituted by `hsb' on input line 1357.
Package xcolor Info: Model `HSB' substituted by `hsb' on input line 1358.
Package xcolor Info: Model `Gray' substituted by `gray' on input line 1359.
Package xcolor Info: Model `wave' substituted by `hsb' on input line 1360.
)
(/usr/share/texlive/texmf-dist/tex/latex/url/url.sty
\Urlmuskip=\muskip10
Package: url 2013/09/16  ver 3.4  Verb mode for urls, etc.
)
(/usr/share/texlive/texmf-dist/tex/latex/hyperref/hyperref.sty
Package: hyperref 2012/11/06 v6.83m Hypertext links for LaTeX

(/usr/share/texlive/texmf-dist/tex/generic/oberdiek/hobsub-hyperref.sty
Package: hobsub-hyperref 2012/05/28 v1.13 Bundle oberdiek, subset hyperref (HO)


(/usr/share/texlive/texmf-dist/tex/generic/oberdiek/hobsub-generic.sty
Package: hobsub-generic 2012/05/28 v1.13 Bundle oberdiek, subset generic (HO)
Package: hobsub 2012/05/28 v1.13 Construct package bundles (HO)
Package hobsub Info: Skipping package `infwarerr' (already loaded).
Package hobsub Info: Skipping package `ltxcmds' (already loaded).
Package: ifluatex 2010/03/01 v1.3 Provides the ifluatex switch (HO)
Package ifluatex Info: LuaTeX not detected.
Package hobsub Info: Skipping package `ifvtex' (already loaded).
Package: intcalc 2007/09/27 v1.1 Expandable calculations with integers (HO)
Package hobsub Info: Skipping package `ifpdf' (already loaded).
Package: etexcmds 2011/02/16 v1.5 Avoid name clashes with e-TeX commands (HO)
Package etexcmds Info: Could not find \expanded.
(etexcmds)             That can mean that you are not using pdfTeX 1.50 or
(etexcmds)             that some package has redefined \expanded.
(etexcmds)             In the latter case, load this package earlier.
Package: kvsetkeys 2012/04/25 v1.16 Key value parser (HO)
Package: kvdefinekeys 2011/04/07 v1.3 Define keys (HO)
Package: pdftexcmds 2011/11/29 v0.20 Utility functions of pdfTeX for LuaTeX (HO
)
Package pdftexcmds Info: LuaTeX not detected.
Package pdftexcmds Info: pdfTeX >= 1.30 not detected.
Package pdftexcmds Info: \pdf@primitive is available.
Package pdftexcmds Info: \pdf@ifprimitive is available.
Package pdftexcmds Info: \pdfdraftmode not found.
Package: pdfescape 2011/11/25 v1.13 Implements pdfTeX's escape features (HO)
Package: bigintcalc 2012/04/08 v1.3 Expandable calculations on big integers (HO
)
Package: bitset 2011/01/30 v1.1 Handle bit-vector datatype (HO)
Package: uniquecounter 2011/01/30 v1.2 Provide unlimited unique counter (HO)
)
Package hobsub Info: Skipping package `hobsub' (already loaded).
Package: letltxmacro 2010/09/02 v1.4 Let assignment for LaTeX macros (HO)
Package: hopatch 2012/05/28 v1.2 Wrapper for package hooks (HO)
Package: xcolor-patch 2011/01/30 xcolor patch
Package: atveryend 2011/06/30 v1.8 Hooks at the very end of document (HO)
Package atveryend Info: \enddocument detected (standard20110627).
Package: atbegshi 2011/10/05 v1.16 At begin shipout hook (HO)
Package: refcount 2011/10/16 v3.4 Data extraction from label references (HO)
Package: hycolor 2011/01/30 v1.7 Color options for hyperref/bookmark (HO)
)
(/usr/share/texlive/texmf-dist/tex/latex/oberdiek/auxhook.sty
Package: auxhook 2011/03/04 v1.3 Hooks for auxiliary files (HO)
)
(/usr/share/texlive/texmf-dist/tex/latex/oberdiek/kvoptions.sty
Package: kvoptions 2011/06/30 v3.11 Key value format for package options (HO)
)
\@linkdim=\dimen113
\Hy@linkcounter=\count91
\Hy@pagecounter=\count92

(/usr/share/texlive/texmf-dist/tex/latex/hyperref/pd1enc.def
File: pd1enc.def 2012/11/06 v6.83m Hyperref: PDFDocEncoding definition (HO)
)
\Hy@SavedSpaceFactor=\count93

(/usr/share/texlive/texmf-dist/tex/latex/latexconfig/hyperref.cfg
File: hyperref.cfg 2002/06/06 v1.2 hyperref configuration of TeXLive
)
Package hyperref Info: Hyper figures OFF on input line 4443.
Package hyperref Info: Link nesting OFF on input line 4448.
Package hyperref Info: Hyper index ON on input line 4451.
Package hyperref Info: Plain pages OFF on input line 4458.
Package hyperref Info: Backreferencing OFF on input line 4463.
Package hyperref Info: Implicit mode ON; LaTeX internals redefined.
Package hyperref Info: Bookmarks ON on input line 4688.
\c@Hy@tempcnt=\count94
LaTeX Info: Redefining \url on input line 5041.
\XeTeXLinkMargin=\dimen114
\Fld@menulength=\count95
\Field@Width=\dimen115
\Fld@charsize=\dimen116
Package hyperref Info: Hyper figures OFF on input line 6295.
Package hyperref Info: Link nesting OFF on input line 6300.
Package hyperref Info: Hyper index ON on input line 6303.
Package hyperref Info: backreferencing OFF on input line 6310.
Package hyperref Info: Link coloring OFF on input line 6315.
Package hyperref Info: Link coloring with OCG OFF on input line 6320.
Package hyperref Info: PDF/A mode OFF on input line 6325.
LaTeX Info: Redefining \ref on input line 6365.
LaTeX Info: Redefining \pageref on input line 6369.
\Hy@abspage=\count96
\c@Item=\count97
\c@Hfootnote=\count98
)

Package hyperref Message: Driver (autodetected): hxetex.

(/usr/share/texlive/texmf-dist/tex/latex/hyperref/hxetex.def
File: hxetex.def 2012/11/06 v6.83m Hyperref driver for XeTeX

(/usr/share/texlive/texmf-dist/tex/latex/hyperref/puenc.def
File: puenc.def 2012/11/06 v6.83m Hyperref: PDF Unicode definition (HO)
)
(/usr/share/texlive/texmf-dist/tex/generic/oberdiek/stringenc.sty
Package: stringenc 2011/12/02 v1.10 Convert strings between diff. encodings (HO
)
)
\pdfm@box=\box26
\c@Hy@AnnotLevel=\count99
\HyField@AnnotCount=\count100
\Fld@listcount=\count101
\c@bookmark@seq@number=\count102

(/usr/share/texlive/texmf-dist/tex/latex/oberdiek/rerunfilecheck.sty
Package: rerunfilecheck 2011/04/15 v1.7 Rerun checks for auxiliary files (HO)
Package rerunfilecheck Info: Feature \pdfmdfivesum is not available
(rerunfilecheck)             (e.g. pdfTeX or LuaTeX with package `pdftexcmds').

(rerunfilecheck)             Therefore file contents cannot be checked efficien
tly
(rerunfilecheck)             and the loading of the package is aborted.
)
\Hy@SectionHShift=\skip45
)
(/usr/share/texlive/texmf-dist/tex/latex/mathtools/mathtools.sty
Package: mathtools 2015/11/12 v1.18 mathematical typesetting tools

(/usr/share/texlive/texmf-dist/tex/latex/tools/calc.sty
Package: calc 2014/10/28 v4.3 Infix arithmetic (KKT,FJ)
\calc@Acount=\count103
\calc@Bcount=\count104
\calc@Adimen=\dimen117
\calc@Bdimen=\dimen118
\calc@Askip=\skip46
\calc@Bskip=\skip47
LaTeX Info: Redefining \setlength on input line 80.
LaTeX Info: Redefining \addtolength on input line 81.
\calc@Ccount=\count105
\calc@Cskip=\skip48
)
(/usr/share/texlive/texmf-dist/tex/latex/mathtools/mhsetup.sty
Package: mhsetup 2010/01/21 v1.2a programming setup (MH)
)
(/usr/share/texlive/texmf-dist/tex/latex/amsmath/amsmath.sty
Package: amsmath 2016/03/03 v2.15a AMS math features
\@mathmargin=\skip49

For additional information on amsmath, use the `?' option.
(/usr/share/texlive/texmf-dist/tex/latex/amsmath/amstext.sty
Package: amstext 2000/06/29 v2.01 AMS text

(/usr/share/texlive/texmf-dist/tex/latex/amsmath/amsgen.sty
File: amsgen.sty 1999/11/30 v2.0 generic functions
\@emptytoks=\toks16
\ex@=\dimen119
))
(/usr/share/texlive/texmf-dist/tex/latex/amsmath/amsbsy.sty
Package: amsbsy 1999/11/29 v1.2d Bold Symbols
\pmbraise@=\dimen120
)
(/usr/share/texlive/texmf-dist/tex/latex/amsmath/amsopn.sty
Package: amsopn 1999/12/14 v2.01 operator names
)
\inf@bad=\count106
LaTeX Info: Redefining \frac on input line 199.
\uproot@=\count107
\leftroot@=\count108
LaTeX Info: Redefining \overline on input line 297.
\classnum@=\count109
\DOTSCASE@=\count110
LaTeX Info: Redefining \ldots on input line 394.
LaTeX Info: Redefining \dots on input line 397.
LaTeX Info: Redefining \cdots on input line 518.
\Mathstrutbox@=\box27
\strutbox@=\box28
\big@size=\dimen121
LaTeX Font Info:    Redeclaring font encoding OML on input line 630.
LaTeX Font Info:    Redeclaring font encoding OMS on input line 631.
\macc@depth=\count111
\c@MaxMatrixCols=\count112
\dotsspace@=\muskip11
\c@parentequation=\count113
\dspbrk@lvl=\count114
\tag@help=\toks17
\row@=\count115
\column@=\count116
\maxfields@=\count117
\andhelp@=\toks18
\eqnshift@=\dimen122
\alignsep@=\dimen123
\tagshift@=\dimen124
\tagwidth@=\dimen125
\totwidth@=\dimen126
\lineht@=\dimen127
\@envbody=\toks19
\multlinegap=\skip50
\multlinetaggap=\skip51
\mathdisplay@stack=\toks20
LaTeX Info: Redefining \[ on input line 2735.
LaTeX Info: Redefining \] on input line 2736.
)
LaTeX Info: Thecontrolsequence`\('isalreadyrobust on input line 129.
LaTeX Info: Thecontrolsequence`\)'isalreadyrobust on input line 129.
LaTeX Info: Thecontrolsequence`\['isalreadyrobust on input line 129.
LaTeX Info: Thecontrolsequence`\]'isalreadyrobust on input line 129.
\g_MT_multlinerow_int=\count118
\l_MT_multwidth_dim=\dimen128
\origjot=\skip52
\l_MT_shortvdotswithinadjustabove_dim=\dimen129
\l_MT_shortvdotswithinadjustbelow_dim=\dimen130
\l_MT_above_intertext_sep=\dimen131
\l_MT_below_intertext_sep=\dimen132
\l_MT_above_shortintertext_sep=\dimen133
\l_MT_below_shortintertext_sep=\dimen134
) (./AIReport.aux)
\openout1 = `AIReport.aux'.

LaTeX Font Info:    Checking defaults for OML/cmm/m/it on input line 52.
LaTeX Font Info:    ... okay on input line 52.
LaTeX Font Info:    Checking defaults for T1/cmr/m/n on input line 52.
LaTeX Font Info:    ... okay on input line 52.
LaTeX Font Info:    Checking defaults for OT1/cmr/m/n on input line 52.
LaTeX Font Info:    ... okay on input line 52.
LaTeX Font Info:    Checking defaults for OMS/cmsy/m/n on input line 52.
LaTeX Font Info:    ... okay on input line 52.
LaTeX Font Info:    Checking defaults for OMX/cmex/m/n on input line 52.
LaTeX Font Info:    ... okay on input line 52.
LaTeX Font Info:    Checking defaults for U/cmr/m/n on input line 52.
LaTeX Font Info:    ... okay on input line 52.
LaTeX Font Info:    Checking defaults for PD1/pdf/m/n on input line 52.
LaTeX Font Info:    ... okay on input line 52.
LaTeX Font Info:    Checking defaults for PU/pdf/m/n on input line 52.
LaTeX Font Info:    ... okay on input line 52.
*geometry* driver: auto-detecting
*geometry* detected driver: xetex
*geometry* verbose mode - [ preamble ] result:
* driver: xetex
* paper: letterpaper
* layout: <same size as paper>
* layoutoffset:(h,v)=(0.0pt,0.0pt)
* modes: 
* h-part:(L,W,R)=(92.14519pt, 430.00462pt, 92.14519pt)
* v-part:(T,H,B)=(95.39737pt, 556.47656pt, 143.09605pt)
* \paperwidth=614.295pt
* \paperheight=794.96999pt
* \textwidth=430.00462pt
* \textheight=556.47656pt
* \oddsidemargin=19.8752pt
* \evensidemargin=19.8752pt
* \topmargin=-13.87262pt
* \headheight=12.0pt
* \headsep=25.0pt
* \topskip=10.0pt
* \footskip=30.0pt
* \marginparwidth=65.0pt
* \marginparsep=11.0pt
* \columnsep=10.0pt
* \skip\footins=9.0pt plus 4.0pt minus 2.0pt
* \hoffset=0.0pt
* \voffset=0.0pt
* \mag=1000
* \@twocolumnfalse
* \@twosidefalse
* \@mparswitchfalse
* \@reversemarginfalse
* (1in=72.27pt=25.4mm, 1cm=28.453pt)

\AtBeginShipoutBox=\box29
Package hyperref Info: Link coloring OFF on input line 52.
(/usr/share/texlive/texmf-dist/tex/latex/hyperref/nameref.sty
Package: nameref 2012/10/27 v2.43 Cross-referencing by name of section

(/usr/share/texlive/texmf-dist/tex/generic/oberdiek/gettitlestring.sty
Package: gettitlestring 2010/12/03 v1.4 Cleanup title references (HO)
)
\c@section@level=\count119
)
LaTeX Info: Redefining \ref on input line 52.
LaTeX Info: Redefining \pageref on input line 52.
LaTeX Info: Redefining \nameref on input line 52.

(./AIReport.out) (./AIReport.out)
\@outlinefile=\write3
\openout3 = `AIReport.out'.


(/usr/share/texlive/texmf-dist/tex/generic/oberdiek/se-ascii-print.def
File: se-ascii-print.def 2011/12/02 v1.10 stringenc: Printable ASCII characters

)
[1

] (./AIReport.toc)
\tf@toc=\write4
\openout4 = `AIReport.toc'.

 [2] [3]
File: UserManual1.jpg Graphic file (type QTm)
 <use  "UserManual1.jpg" > [4]
File: UserManual2.jpg Graphic file (type QTm)

<use  "UserManual2.jpg" > [5]
File: Trellis.jpg Graphic file (type QTm)
 <use  "Trellis.jpg" > [6]
File: UserManual3.jpg Graphic file (type QTm)

<use  "UserManual3.jpg" >
File: UserManual4.jpg Graphic file (type QTm)
 <use  "UserManual4.jpg" >
Underfull \hbox (badness 10000) in paragraph at lines 127--130

 []

[7] (./AIReport.bbl) [8]
Overfull \hbox (16.24149pt too wide) in paragraph at lines 741--741
[]\OT1/cmtt/m/n/10 #This[] class[] is[] taking[] care[] about[] generating[] a[
] network,[] which[] can[] be[] then[] fed[] into[] one[]
 []


Overfull \hbox (5.74158pt too wide) in paragraph at lines 741--741
[]\OT1/cmtt/m/n/10 #Currently[] supported[] networks[] are:[] "burglary","sprin
kler","disease","smoking",[] when[]
 []


Overfull \hbox (0.49162pt too wide) in paragraph at lines 741--741
[]\OT1/cmtt/m/n/10 #First[] two[] neteorks[] and[] the[] whole[] data[] structu
re[] are[] comming[] from[] PriorSampling.py[]
 []


Overfull \hbox (0.49162pt too wide) in paragraph at lines 741--741
[][] [] [] [] [] [] [] [] [] [] [] [] \OT1/cmtt/m/n/10 self.CPTs["parents"]={"B
":None,[] "E":None,[] "A":"B,E",[] "J":"A",[] "M":"A"}[] 
 []

[9]
Overfull \hbox (16.24149pt too wide) in paragraph at lines 741--741
[][] [] [] [] [] [] [] [] \OT1/cmtt/m/n/10 #setting[] network[] to[] "disease"[
] triggers[] assignment[] 1A[] and[] will[] prompt[] user[] for[]
 []


Overfull \hbox (16.24149pt too wide) in paragraph at lines 741--741
[][] [] [] [] [] [] [] [] \OT1/cmtt/m/n/10 #Prompting[] the[] user[] and[] calc
ulations[] are[] handled[] in[] class[] DiseaseNetworkSetup[] 
 []


Overfull \hbox (0.49162pt too wide) in paragraph at lines 741--741
[][] [] [] [] [] [] [] [] [] [] [] [] \OT1/cmtt/m/n/10 [dT,[] [] dF,[] [] tTgT,
[] tFgT,[] tTgF,[] tFgF][] =[] networkGen.returnVariables(False)[] 
 []


Overfull \hbox (21.49144pt too wide) in paragraph at lines 741--741
[][] [] [] [] [] [] [] [] [] [] [] [] \OT1/cmtt/m/n/10 self.CPTs["T"][] =[] {"+
t|+d":tTgT,[] "-t|+d":tFgT,[] "+t|-d":tTgF,[] [] "-t|-d":tFgF}[] 
 []


Overfull \hbox (5.74158pt too wide) in paragraph at lines 741--741
[][] [] [] [] [] [] [] [] \OT1/cmtt/m/n/10 #Setting[] network[] to[] smoking[] 
triggers[] code[] for[] Task[] 1B[] and[] could[] prompt[] user[]
 []


Overfull \hbox (16.24149pt too wide) in paragraph at lines 741--741
[][] [] [] [] [] [] [] [] \OT1/cmtt/m/n/10 #Actual[] copmputation[] of[] [robab
ilitis[] for[] the[] network[] will[] be[] handled[] by[] class[]
 []


Overfull \hbox (5.74158pt too wide) in paragraph at lines 741--741
[][] [] [] [] [] [] [] [] [] [] [] [] \OT1/cmtt/m/n/10 [aT,[] aF,[] [] ppT,[] p
pF,[] gT,[] [] gF,[] bedT,[] bedF,[] alT,[] alF,[] sTgTT,[] sFgTT,[] sTgFT,[]
 []


Overfull \hbox (26.7414pt too wide) in paragraph at lines 741--741
\OT1/cmtt/m/n/10 sFgFT,[] sTgFF,[] sFgFF,[] sTgTF,[] sFgTF,[] yfTgT,[] [] yfFgT
,[] yfTgF,[] yfFgF,[] lcTgTT,[] lcFgTT,[] lcTgFT,[]
 []


Overfull \hbox (5.74158pt too wide) in paragraph at lines 741--741
\OT1/cmtt/m/n/10 lcFgFT,[] lcTgTF,[] lcFgTF,[] lcTgFF,[] lcFgFF,[] adTgT,[] [] 
adFgT,[] [] adTgF,[] adFgF,[] cTgTT,[] cFgTT,[]
 []


Overfull \hbox (5.74158pt too wide) in paragraph at lines 741--741
\OT1/cmtt/m/n/10 cTgFT,[] cFgFT,[] cTgFF,[] cFgFF,[] cTgTF,[] cFgTF,[] fTgTT,[]
 fFgTT,[] fTgFT,[] fFgFT,[] fTgFF,[] fFgFF,[]
 []


Overfull \hbox (178.99007pt too wide) in paragraph at lines 741--741
\OT1/cmtt/m/n/10 fTgTF,[] fFgTF,[] caTgTT,[] caFgTT,[] caTgFT,[] caFgFT,[] caTg
FF,[] caFgFF,[] caTgTF,[] caFgTF][] =[] netGenerator.generateProbabilities()[] 

 []


Overfull \hbox (5.74158pt too wide) in paragraph at lines 741--741
[][] [] [] [] [] [] [] [] [] [] [] [] \OT1/cmtt/m/n/10 self.CPTs["S"][] =[] {"+
s|+a+pp":sTgTT,[] "-s|+a+pp":sFgTT,[] "+s|-a+pp":sTgFT,[]
 []


Overfull \hbox (37.2413pt too wide) in paragraph at lines 741--741
\OT1/cmtt/m/n/10 "-s|-a+pp":sFgFT,[] "+s|-a-pp":sTgFF,[] "-s|-a-pp":sFgFF,[] "+
s|+a-pp":sTgTF,[] "-s|+a-pp":sFgTF}[] 
 []


Overfull \hbox (68.74103pt too wide) in paragraph at lines 741--741
[][] [] [] [] [] [] [] [] [] [] [] [] \OT1/cmtt/m/n/10 self.CPTs["YF"][] =[] {"
+yf|+s":yfTgT,[] [] "-yf|+s":yfFgT,[] "+yf|-s":yfTgF,[] "-yf|-s":yfFgF}[] 
 []


Overfull \hbox (26.7414pt too wide) in paragraph at lines 741--741
[][] [] [] [] [] [] [] [] [] [] [] [] \OT1/cmtt/m/n/10 self.CPTs["LC"][] =[] {"
+lc|+s+g":lcTgTT,[] "-lc|+s+g":lcFgTT,[] "+lc|-s+g":lcTgFT,[]
 []


Overfull \hbox (63.49107pt too wide) in paragraph at lines 741--741
\OT1/cmtt/m/n/10 "-lc|-s+g":lcFgFT,[] "+lc|+s-g":lcTgTF,[] "-lc|+s-g":lcFgTF,[]
 "+lc|-s-g":lcTgFF,[] "-lc|-s-g":lcFgFF}[] 
 []


Overfull \hbox (73.99098pt too wide) in paragraph at lines 741--741
[][] [] [] [] [] [] [] [] [] [] [] [] \OT1/cmtt/m/n/10 self.CPTs["AD"][] =[] {"
+ad|+g":adTgT,[] [] "-ad|+g":adFgT,[] [] "+ad|-g":adTgF,[] "-ad|-g":adFgF}[] 
 []


Overfull \hbox (21.49144pt too wide) in paragraph at lines 741--741
[][] [] [] [] [] [] [] [] [] [] [] [] \OT1/cmtt/m/n/10 self.CPTs["C"][] =[] {"+
c|+al+lc":cTgTT,[] "-c|+al+lc":cFgTT,[] "+c|-al+lc":cTgFT,[]
 []


Overfull \hbox (63.49107pt too wide) in paragraph at lines 741--741
\OT1/cmtt/m/n/10 "-c|-al+lc":cFgFT,[] "+c|-al-lc":cTgFF,[] "-c|-al-lc":cFgFF,[]
 "+c|+al-lc":cTgTF,[] "-c|+al-lc":cFgTF}[] 
 []


Overfull \hbox (5.74158pt too wide) in paragraph at lines 741--741
[][] [] [] [] [] [] [] [] [] [] [] [] \OT1/cmtt/m/n/10 self.CPTs["F"][] =[] {"+
f|+lc+c":fTgTT,[] "-f|+lc+c":fFgTT,[] "+f|-lc+c":fTgFT,[]
 []


Overfull \hbox (37.2413pt too wide) in paragraph at lines 741--741
\OT1/cmtt/m/n/10 "-f|-lc+c":fFgFT,[] "+f|-lc-c":fTgFF,[] "-f|-lc-c":fFgFF,[] "+
f|+lc-c":fTgTF,[] "-f|+lc-c":fFgTF}[] 
 []


Overfull \hbox (42.49126pt too wide) in paragraph at lines 741--741
[][] [] [] [] [] [] [] [] [] [] [] [] \OT1/cmtt/m/n/10 self.CPTs["CA"][] =[] {"
+ca|+ad+f":caTgTT,[] "-ca|+ad+f":caFgTT,[] "+ca|-ad+f":caTgFT,[]
 []


Overfull \hbox (89.74084pt too wide) in paragraph at lines 741--741
\OT1/cmtt/m/n/10 "-ca|-ad+f":caFgFT,[] "+ca|-ad-f":caTgFF,[] "-ca|-ad-f":caFgFF
,[] "+ca|+ad-f":caTgTF,[] "-ca|+ad-f":caFgTF}[] 
 []


Overfull \hbox (16.24149pt too wide) in paragraph at lines 741--741
[][] [] [] [] [] [] [] [] [] [] [] [] \OT1/cmtt/m/n/10 self.CPTs["order"][] =[]
 ["A",[] "PP",[] "G",[] "BED",[] "AL",[] "S",[] "YF",[] "LC",[] "AD",[]
 []

[10]
Overfull \hbox (37.2413pt too wide) in paragraph at lines 741--741
[][] [] [] [] [] [] [] [] [] [] [] [] \OT1/cmtt/m/n/10 self.CPTs["parents"][] =
[] {"A":None,[] "PP":None,[] "G":None,[] "BED":None,[] "AL":None,[]
 []


Overfull \hbox (47.74121pt too wide) in paragraph at lines 741--741
[]\OT1/cmtt/m/n/10 #This[] class[] sets[] up[] a[] disease[] network[] for[] ta
sk[] 1A,[] It[] asks[] user[] for[] probabilities[] specified[]
 []


Overfull \hbox (21.49144pt too wide) in paragraph at lines 741--741
[]\OT1/cmtt/m/n/10 #Basic[] rule[] used[] here[] it[] the[] fact[] that[] proba
bilities[] notA|Evidence[] and[] A|Evidence[] must[]
 []


Overfull \hbox (10.99153pt too wide) in paragraph at lines 741--741
[][] [] [] [] [] [] [] [] \OT1/cmtt/m/n/10 print("Please[] type[] in[] probabil
ity[] that[] the[] test[] is[] positive[] given[] the[] person[]
 []


Overfull \hbox (21.49144pt too wide) in paragraph at lines 741--741
[][] [] [] [] [] [] [] [] \OT1/cmtt/m/n/10 print("Please[] type[] probability[]
 that[] the[] test[] is[] negative[] given[] the[] person[] does[]
 []


Overfull \hbox (5.74158pt too wide) in paragraph at lines 741--741
[][] [] [] [] \OT1/cmtt/m/n/10 #this[] functions[] returns[] variables[] stored
[] in[] the[] object,[] with[] an[] option[] to[] print[]
 []


Overfull \hbox (5.74158pt too wide) in paragraph at lines 741--741
[][] [] [] [] [] [] [] [] [] [] [] [] \OT1/cmtt/m/n/10 print([self.dT,[] [] sel
f.dF,[] [] self.tTgT,[] self.tFgT,[] self.tTgF,[] self.tFgF])[] 
 []


Overfull \hbox (5.74158pt too wide) in paragraph at lines 741--741
[]\OT1/cmtt/m/n/10 #This[] class[] takes[] care[] of[] computing[] conditional[
] probabilities[] for[] "smoking"[] network[] 
 []


Overfull \hbox (0.49162pt too wide) in paragraph at lines 741--741
[]\OT1/cmtt/m/n/10 #data[] is[] read[] from[] a[] file[] called[] assignmentDat
aset.csv[] located[] in[] the[] same[] file[] as[]
 []

[11]
Overfull \hbox (16.24149pt too wide) in paragraph at lines 741--741
[][] [] [] [] \OT1/cmtt/m/n/10 order_in_csv[] =[] ["S",[] [] "YF",[] [] "A",[] 
[] "PP",[] [] "G",[] [] "AD",[] [] "BED",[] [] "CA",[] [] "F",[] [] "AL",[]
 []


Overfull \hbox (0.49162pt too wide) in paragraph at lines 741--741
[][] [] [] [] \OT1/cmtt/m/n/10 #Init,[] taking[] care[] of[] reading[] the[] fi
le,[] events[] are[] being[] stored[] as[] an[] array[] of[]
 []


Overfull \hbox (31.99135pt too wide) in paragraph at lines 741--741
[][] [] [] [] \OT1/cmtt/m/n/10 #This[] function[] returns[] an[] array[] contai
ning[] all[] probabilities[] needed[] to[] fully[] specify[]
 []

[12]
Overfull \hbox (21.49144pt too wide) in paragraph at lines 741--741
[][] [] [] [] [] [] [] [] \OT1/cmtt/m/n/10 return[] [aT,[] aF,[] [] ppT,[] ppF,
[] gT,[] [] gF,[] bedT,[] bedF,[] alT,[] alF,[] sTgTT,[] sFgTT,[] sTgFT,[]
 []


Overfull \hbox (26.7414pt too wide) in paragraph at lines 741--741
\OT1/cmtt/m/n/10 sFgFT,[] sTgFF,[] sFgFF,[] sTgTF,[] sFgTF,[] yfTgT,[] [] yfFgT
,[] yfTgF,[] yfFgF,[] lcTgTT,[] lcFgTT,[] lcTgFT,[]
 []


Overfull \hbox (5.74158pt too wide) in paragraph at lines 741--741
\OT1/cmtt/m/n/10 lcFgFT,[] lcTgTF,[] lcFgTF,[] lcTgFF,[] lcFgFF,[] adTgT,[] [] 
adFgT,[] [] adTgF,[] adFgF,[] cTgTT,[] cFgTT,[]
 []


Overfull \hbox (5.74158pt too wide) in paragraph at lines 741--741
\OT1/cmtt/m/n/10 cTgFT,[] cFgFT,[] cTgFF,[] cFgFF,[] cTgTF,[] cFgTF,[] fTgTT,[]
 fFgTT,[] fTgFT,[] fFgFT,[] fTgFF,[] fFgFF,[]
 []


Overfull \hbox (26.7414pt too wide) in paragraph at lines 741--741
[][] [] [] [] \OT1/cmtt/m/n/10 #This[] function[] conputes[] conditional[] prob
ability[] that[] distribution[] of[] variable[] given[]
 []


Overfull \hbox (10.99153pt too wide) in paragraph at lines 741--741
[][] [] [] [] [] [] [] [] \OT1/cmtt/m/n/10 pT[] =[] (self.countEvents(evidence+
","+variable)+1)/(self.countEvents(evidence)[]
 []

[13]
Overfull \hbox (26.7414pt too wide) in paragraph at lines 741--741
[][] [] [] [] [] [] [] [] [] [] [] [] [] [] [] [] [] [] [] [] \OT1/cmtt/m/n/10 
#do[] this[] only[] when[] c[] is[] not[] None,[] this[] happens[] when[] compu
ting[] nodes[]
 []


Overfull \hbox (0.49162pt too wide) in paragraph at lines 741--741
[][] [] [] [] \OT1/cmtt/m/n/10 #This[] function[] returns[] index[] of[] the[] 
variable[] in[] csv[] order,[] effectively[] telling[]
 []


Overfull \hbox (0.49162pt too wide) in paragraph at lines 741--741
[]\OT1/cmtt/m/n/10 #This[] class[] is[] performs[] all[] tasks[] neede[] to[] g
o[] from[] reading[] in[] network[] to[] answering[]
 []


Overfull \hbox (26.7414pt too wide) in paragraph at lines 741--741
[]\OT1/cmtt/m/n/10 #Some[] of[] code[] for[] thi[] class[] (making[] a[] smaple
)[] is[] comming[] form[] PriorSampling.py[] provided[]
 []

[14]
Overfull \hbox (0.49162pt too wide) in paragraph at lines 741--741
[][] [] [] [] \OT1/cmtt/m/n/10 #Counter[] for[] samples[] where[] query[] Varia
ble[] is[] true(after[] rejecting[] inconsistent[]
 []


Overfull \hbox (5.74158pt too wide) in paragraph at lines 741--741
[][] [] [] [] \OT1/cmtt/m/n/10 #This[] function[] runs[] the[] sampleing[] func
tion[] over[] all[] variables[] in[] odrd[] specified[]
 []

[15]
Overfull \hbox (0.49162pt too wide) in paragraph at lines 741--741
[][] [] [] [] [] [] [] [] [] [] [] [] \OT1/cmtt/m/n/10 sampledValue=self.sample
Variable(self.net.CPTs[variable],[] conditional)[] 
 []


Overfull \hbox (37.2413pt too wide) in paragraph at lines 741--741
[][] [] [] [] \OT1/cmtt/m/n/10 #this[] function[] is[] to[] return[] true[] if[
] the[] sample[] of[] network[] is[] consistent[] with[] evidence[] 
 []


Overfull \hbox (0.49162pt too wide) in paragraph at lines 741--741
[][] [] [] [] \OT1/cmtt/m/n/10 #basically[] checks[] if[] values[] of[] evidenc
e[] variables[] are[] same[] in[] query[] and[] sample[] 
 []


Overfull \hbox (37.2413pt too wide) in paragraph at lines 741--741
[][] [] [] [] \OT1/cmtt/m/n/10 #This[] function[] gets[] a[] single[] sample[] 
of[] the[] whole[] network[] ,[] rejects[] if[] not[] consistence[]
 []


Overfull \hbox (21.49144pt too wide) in paragraph at lines 741--741
[][] [] [] [] \OT1/cmtt/m/n/10 #otherwise[] adjust[] appropriet[] counter[] to[
] get[] ammout[] of[] samples[] where[] query[] variable[]
 []


Overfull \hbox (21.49144pt too wide) in paragraph at lines 741--741
[][] [] [] [] [] [] [] [] \OT1/cmtt/m/n/10 #proceed[] only[] when[] event[] is[
] consistant[] with[] evidence[] otherwise[] sample[] is[] being[]
 []

[16]
Overfull \hbox (5.74158pt too wide) in paragraph at lines 741--741
[][] [] [] [] [] [] [] [] [] [] [] [] \OT1/cmtt/m/n/10 #Now[] its[] time[] to[]
 figure[] out[] if[] query[] variable[] is[] true[] or[] false[] in[] given[]
 []


Overfull \hbox (16.24149pt too wide) in paragraph at lines 741--741
[][] [] [] [] [] [] [] [] [] [] [] [] \OT1/cmtt/m/n/10 #first[] find[] the[] in
dex[] of[] the[] variable[] in[] event[] passed[] from[] prior[] sampling[] 
 []


Overfull \hbox (52.99117pt too wide) in paragraph at lines 741--741
[][] [] [] [] [] [] [] [] \OT1/cmtt/m/n/10 distibution[] =[] [float(self.positi
ve_outcomes)/sum,[] float(self.negative_outcomes)/sum][] 
 []


Overfull \hbox (26.7414pt too wide) in paragraph at lines 741--741
[][] [] [] [] [] [] [] [] \OT1/cmtt/m/n/10 print("P("+X+"|"+evidence+")[] =[] "
[] +[] str(distribution)+".[] Computed[] with[] Rejection[]
 []


Overfull \hbox (0.49162pt too wide) in paragraph at lines 741--741
[]\OT1/cmtt/m/n/10 #This[] class[] is[] performs[] all[] tasks[] neede[] to[] g
o[] from[] reading[] in[] network[] to[] answering[]
 []


Overfull \hbox (42.49126pt too wide) in paragraph at lines 741--741
[][] [] [] [] \OT1/cmtt/m/n/10 #this[] function[] takes[] unnormalized[] probab
ility[] distribution[] and[] prints[] out[] a[] normalized[]
 []


Overfull \hbox (10.99153pt too wide) in paragraph at lines 741--741
[][] [] [] [] [] [] [] [] \OT1/cmtt/m/n/10 unnormalized_distribution[] =[] self
.getNotNormalizedProbabilities(evidence,[] [] X)[] 
 []

[17]
Overfull \hbox (5.74158pt too wide) in paragraph at lines 741--741
[][] [] [] [] [] [] [] [] \OT1/cmtt/m/n/10 print("P("+X+"|"+evidence+")[] =[] "
[] +[] str(normalized_distribution)+".[] Computed[]
 []


Overfull \hbox (21.49144pt too wide) in paragraph at lines 741--741
[][] [] [] [] \OT1/cmtt/m/n/10 #This[] function[] computes[] probability[] for[
] query[] variable[] to[] be[] true[] and[] false,[] these[]
 []


Overfull \hbox (16.24149pt too wide) in paragraph at lines 741--741
[][] [] [] [] \OT1/cmtt/m/n/10 #This[] function[] uses[] inference[] by[] enume
ration[] to[] compute[] a[] probability[] of[] an[] event[]
 []


Overfull \hbox (21.49144pt too wide) in paragraph at lines 741--741
[][] [] [] [] [] [] [] [] \OT1/cmtt/m/n/10 #[] That[] is[] the[] end[] of[] rec
ursion,[] effectively[] multiplies[] the[] value[] from[] previous[]
 []


Overfull \hbox (5.74158pt too wide) in paragraph at lines 741--741
[][] [] [] [] [] [] [] [] \OT1/cmtt/m/n/10 #Take[] next[] variable[] and[] prep
are[] true[] and[] false[] strings[] which[] can[] be[] queried[] 
 []


Overfull \hbox (10.99153pt too wide) in paragraph at lines 741--741
[][] [] [] [] [] [] [] [] \OT1/cmtt/m/n/10 if[] yT[] in[] extended_evidence.spl
it(",")[] or[] yF[] in[] extended_evidence.split(","):[] 
 []


Overfull \hbox (37.2413pt too wide) in paragraph at lines 741--741
[][] [] [] [] [] [] [] [] [] [] [] [] \OT1/cmtt/m/n/10 return[] self.net.CPTs[Y
][self.conditionalString(Y,[] extended_evidence,[] [] False)][]
 []


Overfull \hbox (10.99153pt too wide) in paragraph at lines 741--741
[][] [] [] [] [] [] [] [] [] [] [] [] \OT1/cmtt/m/n/10 #Otherwise[] reutrn[] su
m[] of[] both[] options,[] when[] the[] variable[] is[] tru[] or[] false[] 
 []


Overfull \hbox (37.2413pt too wide) in paragraph at lines 741--741
[][] [] [] [] [] [] [] [] [] [] [] [] \OT1/cmtt/m/n/10 sum1[] =[] self.net.CPTs
[Y]["+"[] +[] y[] +[] self.conditionalString(Y,[] extended_evidence[]
 []


Overfull \hbox (5.74158pt too wide) in paragraph at lines 741--741
\OT1/cmtt/m/n/10 +[] ",+"[] +[] y,[] [] True)][] *[] self.enumerate(variables[1
:len(variables)],[] extended_evidence[]
 []


Overfull \hbox (37.2413pt too wide) in paragraph at lines 741--741
[][] [] [] [] [] [] [] [] [] [] [] [] \OT1/cmtt/m/n/10 sum2[] =[] self.net.CPTs
[Y]["-"[] +[] y[] +[] self.conditionalString(Y,[] extended_evidence[]
 []


Overfull \hbox (5.74158pt too wide) in paragraph at lines 741--741
\OT1/cmtt/m/n/10 +[] ",-"[] +[] y,[] [] True)][] *[] self.enumerate(variables[1
:len(variables)],[] extended_evidence[]
 []

[18]
Overfull \hbox (42.49126pt too wide) in paragraph at lines 741--741
[][] [] [] [] \OT1/cmtt/m/n/10 #This[] is[] a[] helpful[] function[] which[] co
nstructs[] a[] key[] strings,[] which[] can[] be[] used[] accesing[]
 []


Overfull \hbox (16.24149pt too wide) in paragraph at lines 741--741
[][] [] [] [] [] [] [] [] \OT1/cmtt/m/n/10 #do[] not[] run[] this[] if[] only[]
 partial[] string[] is[] needed[] (when[] arbitrary[] setting[] the[]
 []


Overfull \hbox (0.49162pt too wide) in paragraph at lines 741--741
[]\OT1/cmtt/m/n/10 #This[] class[] is[] performs[] all[] tasks[] neede[] to[] g
o[] from[] reading[] in[] network[] to[] answering[]
 []


Overfull \hbox (0.49162pt too wide) in paragraph at lines 741--741
[][] [] [] [] \OT1/cmtt/m/n/10 #Counter[] for[] samples[] where[] query[] Varia
ble[] is[] true(after[] rejecting[] inconsistent[]
 []

[19]
Overfull \hbox (0.49162pt too wide) in paragraph at lines 741--741
[][] [] [] [] [] [] [] [] [] [] [] [] [] [] [] [] \OT1/cmtt/m/n/10 #sample[] th
e[] variable[] from[] conditional[] probability[] and[] add[] to[] event[] 
 []


Overfull \hbox (37.2413pt too wide) in paragraph at lines 741--741
[][] [] [] [] [] [] [] [] [] [] [] [] [] [] [] [] \OT1/cmtt/m/n/10 logicValue[]
 =[] self.sample(self.returnVariableProbability(True,[] i,[] [] event))[] 
 []

[20]
Overfull \hbox (10.99153pt too wide) in paragraph at lines 741--741
[][] [] [] [] \OT1/cmtt/m/n/10 #This[] function[] knowing[] event[] part[] samp
led[] so[] far[] gets[] a[] chance[] that[] the[] variable[]
 []


Overfull \hbox (10.99153pt too wide) in paragraph at lines 741--741
[][] [] [] [] [] [] [] [] \OT1/cmtt/m/n/10 #if[] has[] parents[] fetch[] value[
] of[] parents[] from[] event[] so[] far[] and[] get[] conditional[]
 []


Overfull \hbox (31.99135pt too wide) in paragraph at lines 741--741
[][] [] [] [] [] [] [] [] \OT1/cmtt/m/n/10 #return[] the[] conditional[] probab
lity[] based[] on[] the[] knowledge[] from[] before[] the[] sample[] 
 []

[21]
Overfull \hbox (5.74158pt too wide) in paragraph at lines 741--741
[][] [] [] [] \OT1/cmtt/m/n/10 #This[] function[] repeats[] the[] creation[] of
[] an[] event[] with[] weight[] and[] assigns[] weights[]
 []


Overfull \hbox (52.99117pt too wide) in paragraph at lines 741--741
[][] [] [] [] [] [] [] [] \OT1/cmtt/m/n/10 distibution[] =[] [float(self.positi
ve_outcomes)/sum,[] float(self.negative_outcomes)/sum][] 
 []


Overfull \hbox (26.7414pt too wide) in paragraph at lines 741--741
[][] [] [] [] [] [] [] [] \OT1/cmtt/m/n/10 print("P("+X+"|"+evidence+")[] =[] "
[] +[] str(distribution)[] +[] ".[] It[] was[] computed[] using[]
 []


Overfull \hbox (10.99153pt too wide) in paragraph at lines 741--741
[][] [] [] [] \OT1/cmtt/m/n/10 #evidence[] observed,[] they[] are[] treated[] a
s[] a[] known[] information,[] so[] for[] example[] b=1,[]
 []

[22] [23]
Overfull \hbox (0.49162pt too wide) in paragraph at lines 837--837
[]\OT1/cmtt/m/n/10 #This[] class[] stores[] a[] network[] and[] provides[] meth
od[] to[] return[] probability[] values[] from[]
 []


Overfull \hbox (26.7414pt too wide) in paragraph at lines 837--837
[][] [] [] [] [] [] [] [] [] [] [] [] \OT1/cmtt/m/n/10 #Hidden[] States[] Trans
itions,[] convention[] is[] that[] CPTs[ON][OFF][] is[] probability[]
 []


Overfull \hbox (0.49162pt too wide) in paragraph at lines 837--837
[][] [] [] [] [] [] [] [] [] [] [] [] \OT1/cmtt/m/n/10 #Conditional[] probabili
ties[] of[] observing[] observable[] variables[] given[] the[]
 []

[24]
Overfull \hbox (16.24149pt too wide) in paragraph at lines 837--837
[][] [] [] [] [] [] [] [] \OT1/cmtt/m/n/10 #This[] is[] to[] allow[] the[] user
[] to[] use[] single[] letters[] for[] faster[] chanes[] of[] queries[] 
 []


Overfull \hbox (205.23984pt too wide) in paragraph at lines 837--837
[][] [] [] [] [] [] [] [] \OT1/cmtt/m/n/10 alphaON[] =[] self.net.returnObserva
tionProbability(observationToday,[] "ON")[] *[] (self.net.returnHiddenProbabili
ty("ON",[]
 []


Overfull \hbox (47.74121pt too wide) in paragraph at lines 837--837
\OT1/cmtt/m/n/10 "ON")[] *[] previousAlphaON[] +[] self.net.returnHiddenProbabi
lity("ON",[] "OFF")[] *[] previousAlphaOFF)[] 
 []


Overfull \hbox (5.74158pt too wide) in paragraph at lines 837--837
[][] [] [] [] [] [] [] [] \OT1/cmtt/m/n/10 alphaOFF[] =[] self.net.returnObserv
ationProbability(observationToday,[] "OFF")[] *[]
 []


Overfull \hbox (126.49052pt too wide) in paragraph at lines 837--837
\OT1/cmtt/m/n/10 (self.net.returnHiddenProbability("OFF",[] "ON")[] *[] previou
sAlphaON[] +[] self.net.returnHiddenProbability("OFF",[]
 []


Overfull \hbox (16.24149pt too wide) in paragraph at lines 837--837
[][] [] [] [] [] [] [] [] \OT1/cmtt/m/n/10 prob[] =[] self.alphaON[len(self.alp
haON)[] -[] 1][] +[] self.alphaOFF[len(self.alphaOFF)[]
 []

[25]
Package atveryend Info: Empty hook `BeforeClearDocument' on input line 838.
 [26]
Package atveryend Info: Empty hook `AfterLastShipout' on input line 838.
 (./AIReport.aux)
Package atveryend Info: Empty hook `AtVeryEndDocument' on input line 838.
Package atveryend Info: Empty hook `AtEndAfterFileList' on input line 838.
Package atveryend Info: Empty hook `AtVeryVeryEnd' on input line 838.
 ) 
Here is how much of TeX's memory you used:
 10451 strings out of 493638
 144952 string characters out of 6146795
 251110 words of memory out of 5000000
 13777 multiletter control sequences out of 15000+600000
 9897 words of font info for 36 fonts, out of 8000000 for 9000
 1328 hyphenation exceptions out of 8191
 33i,6n,45p,1622b,451s stack positions out of 5000i,500n,10000p,200000b,80000s

Output written on AIReport.pdf (26 pages).
